<?xml version="1.0" encoding="UTF-8"?>
<testng-results total="1" passed="1" failed="0" skipped="0">
  <reporter-output>
  </reporter-output>
  <suite started-at="2022-10-07T14:54:19Z" name="Surefire suite" finished-at="2022-10-07T14:54:41Z" duration-ms="22658">
    <groups>
    </groups>
    <test started-at="2022-10-07T14:54:19Z" name="Surefire test" finished-at="2022-10-07T14:54:41Z" duration-ms="22658">
      <class name="mavendemo.example1">
        <test-method signature="find()[pri:0, instance:mavendemo.example1@48a242ce]" started-at="2022-10-07T20:24:19Z" name="find" test-instance-name="" finished-at="2022-10-07T20:24:41Z" duration-ms="22642" status="PASS">
          <reporter-output>
          </reporter-output>
        </test-method> <!-- find -->
      </class> <!-- mavendemo.example1 -->
    </test> <!-- Surefire test -->
  </suite> <!-- Surefire suite -->
</testng-results>
