<?xml version="1.0" encoding="UTF-8"?>
<testng-results total="1" passed="1" failed="0" skipped="0">
  <reporter-output>
  </reporter-output>
  <suite started-at="2022-10-17T16:03:15Z" name="Default suite" finished-at="2022-10-17T16:03:54Z" duration-ms="38533">
    <groups>
    </groups>
    <test started-at="2022-10-17T16:03:15Z" name="Default test" finished-at="2022-10-17T16:03:54Z" duration-ms="38533">
      <class name="mavendemo.exampleswitchwindow">
        <test-method signature="testcase1()[pri:0, instance:mavendemo.exampleswitchwindow@5a3bc7ed]" started-at="2022-10-17T21:33:15Z" name="testcase1" finished-at="2022-10-17T21:33:54Z" duration-ms="38495" status="PASS">
          <reporter-output>
          </reporter-output>
        </test-method> <!-- testcase1 -->
      </class> <!-- mavendemo.exampleswitchwindow -->
    </test> <!-- Default test -->
  </suite> <!-- Default suite -->
</testng-results>
